<html>
<body>
<pre>
<h1>µVision Build Log</h1>
<h2>Project:</h2>
C:\Users\Kaustav\Desktop\ES HOME\EXAM\exam.uvproj
Project File Date:  06/01/2020

<h2>Output:</h2>
Build target 'Target 1'
linking...
Program Size: Code=108 RO-data=8 RW-data=4 ZI-data=0  
".\exam.axf" - 0 Error(s), 0 Warning(s).
</pre>
</body>
</html>
: error: A1114E: Expected register relative expression
ex3.s(34): error: A1114E: Expected register relative expression
ex3.s(37): error: A1114E: Expected register relative expression
ex3.s(41): error: A1114E: Expected register relative expression
ex3.s(46): error: A1114E: Expected register relative expression
ex3.s(51): error: A1647E: Bad register name symbol, expected Integer register
ex3.s(52): error: A1647E: Bad register name symbol, expected Integer register
".\exam.axf" - 9 Error(s), 0 Warning(s).
Target not created
Error: Could not load file 'C:\Users\Kaustav\Desktop\ES HOME\EXAM\exam.axf'. Debugger aborted !
